f:\c code\code20221027\x64\debug\vc143.pdb
f:\c code\code20221027\x64\debug\vc143.idb
f:\c code\code20221027\x64\debug\first.obj
f:\c code\code20221027\x64\debug\code20221027.pdb
f:\c code\code20221027\x64\debug\code20221027.tlog\cl.command.1.tlog
f:\c code\code20221027\x64\debug\code20221027.tlog\cl.read.1.tlog
f:\c code\code20221027\x64\debug\code20221027.tlog\cl.write.1.tlog
f:\c code\code20221027\x64\debug\code20221027.tlog\link-cvtres.read.1.tlog
f:\c code\code20221027\x64\debug\code20221027.tlog\link-cvtres.write.1.tlog
f:\c code\code20221027\x64\debug\code20221027.tlog\link-rc.read.1.tlog
f:\c code\code20221027\x64\debug\code20221027.tlog\link-rc.write.1.tlog
f:\c code\code20221027\x64\debug\code20221027.tlog\link.40032-cvtres.read.1.tlog
f:\c code\code20221027\x64\debug\code20221027.tlog\link.40032-cvtres.write.1.tlog
f:\c code\code20221027\x64\debug\code20221027.tlog\link.40032-rc.read.1.tlog
f:\c code\code20221027\x64\debug\code20221027.tlog\link.40032-rc.write.1.tlog
f:\c code\code20221027\x64\debug\code20221027.tlog\link.40032.read.1.tlog
f:\c code\code20221027\x64\debug\code20221027.tlog\link.40032.read.2.tlog
f:\c code\code20221027\x64\debug\code20221027.tlog\link.40032.write.1.tlog
f:\c code\code20221027\x64\debug\code20221027.tlog\link.command.1.tlog
f:\c code\code20221027\x64\debug\code20221027.tlog\link.read.1.tlog
f:\c code\code20221027\x64\debug\code20221027.tlog\link.read.2.tlog
f:\c code\code20221027\x64\debug\code20221027.tlog\link.write.1.tlog
