f:\c code\code20221029\x64\debug\vc143.pdb
f:\c code\code20221029\x64\debug\vc143.idb
f:\c code\code20221029\x64\debug\first.obj
f:\c code\code20221029\x64\debug\code20221029.pdb
f:\c code\code20221029\x64\debug\code20221029.tlog\cl.command.1.tlog
f:\c code\code20221029\x64\debug\code20221029.tlog\cl.read.1.tlog
f:\c code\code20221029\x64\debug\code20221029.tlog\cl.write.1.tlog
f:\c code\code20221029\x64\debug\code20221029.tlog\link-cvtres.read.1.tlog
f:\c code\code20221029\x64\debug\code20221029.tlog\link-cvtres.write.1.tlog
f:\c code\code20221029\x64\debug\code20221029.tlog\link-rc.read.1.tlog
f:\c code\code20221029\x64\debug\code20221029.tlog\link-rc.write.1.tlog
f:\c code\code20221029\x64\debug\code20221029.tlog\link.11496-cvtres.read.1.tlog
f:\c code\code20221029\x64\debug\code20221029.tlog\link.11496-cvtres.write.1.tlog
f:\c code\code20221029\x64\debug\code20221029.tlog\link.11496-rc.read.1.tlog
f:\c code\code20221029\x64\debug\code20221029.tlog\link.11496-rc.write.1.tlog
f:\c code\code20221029\x64\debug\code20221029.tlog\link.11496.read.1.tlog
f:\c code\code20221029\x64\debug\code20221029.tlog\link.11496.read.2.tlog
f:\c code\code20221029\x64\debug\code20221029.tlog\link.11496.write.1.tlog
f:\c code\code20221029\x64\debug\code20221029.tlog\link.command.1.tlog
f:\c code\code20221029\x64\debug\code20221029.tlog\link.read.1.tlog
f:\c code\code20221029\x64\debug\code20221029.tlog\link.read.2.tlog
f:\c code\code20221029\x64\debug\code20221029.tlog\link.write.1.tlog
